#
# There is insufficient memory for the Java Runtime Environment to continue.
# Native memory allocation (mmap) failed to map 134217728 bytes for G1 virtual space
# Possible reasons:
#   The system is out of physical RAM or swap space
#   The process is running with CompressedOops enabled, and the Java Heap may be blocking the growth of the native heap
# Possible solutions:
#   Reduce memory load on the system
#   Increase physical memory or swap space
#   Check if swap backing store is full
#   Decrease Java heap size (-Xmx/-Xms)
#   Decrease number of Java threads
#   Decrease Java thread stack sizes (-Xss)
#   Set larger code cache with -XX:ReservedCodeCacheSize=
#   JVM is running with Unscaled Compressed Oops mode in which the Java heap is
#     placed in the first 4GB address space. The Java Heap base address is the
#     maximum limit for the native heap growth. Please use -XX:HeapBaseMinAddress
#     to set the Java Heap base and to place the Java Heap above 4GB virtual address.
# This output file may be truncated or incomplete.
#
#  Out of Memory Error (os_windows.cpp:3530), pid=14884, tid=5724
#
# JRE version:  (18.0.2.1+1) (build )
# Java VM: Java HotSpot(TM) 64-Bit Server VM (18.0.2.1+1-1, mixed mode, sharing, tiered, compressed oops, compressed class ptrs, g1 gc, windows-amd64)
# No core dump will be written. Minidumps are not enabled by default on client versions of Windows
#

---------------  S U M M A R Y ------------

Command Line: -Dnet.bytebuddy.agent.attacher.dump= net.bytebuddy.agent.Attacher com.sun.tools.attach.VirtualMachine 1368 C:\Users\Bruger\.m2\repository\net\bytebuddy\byte-buddy-agent\1.14.5\byte-buddy-agent-1.14.5.jar false 

Host: Intel(R) Core(TM) i3-7100U CPU @ 2.40GHz, 4 cores, 7G,  Windows 10 , 64 bit Build 19041 (10.0.19041.3155)
Time: Thu Aug 31 15:00:10 2023 Rom, sommertid elapsed time: 0.032437 seconds (0d 0h 0m 0s)

---------------  T H R E A D  ---------------

Current thread (0x000001947b54fd90):  JavaThread "Unknown thread" [_thread_in_vm, id=5724, stack(0x0000001cdd500000,0x0000001cdd600000)]

Stack: [0x0000001cdd500000,0x0000001cdd600000]
Native frames: (J=compiled Java code, j=interpreted, Vv=VM code, C=native code)
V  [jvm.dll+0x6993aa]
V  [jvm.dll+0x7f46dd]
V  [jvm.dll+0x7f5fee]
V  [jvm.dll+0x7f66a3]
V  [jvm.dll+0x25cf1f]
V  [jvm.dll+0x6962f9]
V  [jvm.dll+0x68ae2a]
V  [jvm.dll+0x32255b]
V  [jvm.dll+0x329f36]
V  [jvm.dll+0x37eade]
V  [jvm.dll+0x37ed0f]
V  [jvm.dll+0x2fa2da]
V  [jvm.dll+0x2fb33d]
V  [jvm.dll+0x7c3310]
V  [jvm.dll+0x38be61]
V  [jvm.dll+0x7a2023]
V  [jvm.dll+0x40dc3f]
V  [jvm.dll+0x40f611]
C  [jli.dll+0x526b]
C  [ucrtbase.dll+0x21bb2]
C  [KERNEL32.DLL+0x17614]
C  [ntdll.dll+0x526b1]


---------------  P R O C E S S  ---------------

Threads class SMR info:
_java_thread_list=0x00007ff8eceae550, length=0, elements={
}

Java Threads: ( => current thread )

Other Threads:
  0x000001947b5ad970 WorkerThread "GC Thread#0" [stack: 0x0000001cdd600000,0x0000001cdd700000] [id=9284]
  0x000001947b5bf400 ConcurrentGCThread "G1 Main Marker" [stack: 0x0000001cdd700000,0x0000001cdd800000] [id=15904]
  0x000001947b5c0d10 WorkerThread "G1 Conc#0" [stack: 0x0000001cdd800000,0x0000001cdd900000] [id=12752]

[error occurred during error reporting (printing all threads), id 0xc0000005, EXCEPTION_ACCESS_VIOLATION (0xc0000005) at pc=0x00007ff8ec6da877]

VM state: not at safepoint (not fully initialized)

VM Mutex/Monitor currently owned by a thread:  ([mutex/lock_event])
[0x000001947b54c010] Heap_lock - owner thread: 0x000001947b54fd90

Heap address: 0x0000000081e00000, size: 2018 MB, Compressed Oops mode: 32-bit

CDS archive(s) mapped at: [0x0000000000000000-0x0000000000000000-0x0000000000000000), size 0, SharedBaseAddress: 0x0000000800000000, ArchiveRelocationMode: 0.
Narrow klass base: 0x0000000000000000, Narrow klass shift: 0, Narrow klass range: 0x0

GC Precious Log:
 CardTable entry size: 512
 Card Set container configuration: InlinePtr #cards 5 size 8 Array Of Cards #cards 12 size 40 Howl #buckets 4 coarsen threshold 1843 Howl Bitmap #cards 512 size 80 coarsen threshold 460 Card regions per heap region 1 cards per card region 2048

Heap:
 garbage-first heap   total 0K, used 0K [0x0000000081e00000, 0x0000000100000000)
  region size 1024K, 0 young (0K), 0 survivors (0K)

[error occurred during error reporting (printing heap information), id 0xc0000005, EXCEPTION_ACCESS_VIOLATION (0xc0000005) at pc=0x00007ff8ecac1839]

GC Heap History (0 events):
No events

Deoptimization events (0 events):
No events

Classes loaded (0 events):
No events

Classes unloaded (0 events):
No events

Classes redefined (0 events):
No events

Internal exceptions (0 events):
No events

VM Operations (0 events):
No events

Events (1 events):
Event: 0.018 Loaded shared library C:\Program Files\Java\jdk-18.0.2.1\bin\java.dll


Dynamic libraries:
0x00007ff662b10000 - 0x00007ff662b20000 	C:\Program Files\Java\jdk-18.0.2.1\bin\java.exe
0x00007ff9534b0000 - 0x00007ff9536a8000 	C:\WINDOWS\SYSTEM32\ntdll.dll
0x00007ff952800000 - 0x00007ff9528bf000 	C:\WINDOWS\System32\KERNEL32.DLL
0x00007ff951050000 - 0x00007ff951346000 	C:\WINDOWS\System32\KERNELBASE.dll
0x00007ff950dc0000 - 0x00007ff950ec0000 	C:\WINDOWS\System32\ucrtbase.dll
0x00007ff923a30000 - 0x00007ff923a48000 	C:\Program Files\Java\jdk-18.0.2.1\bin\jli.dll
0x00007ff9530a0000 - 0x00007ff95314f000 	C:\WINDOWS\System32\ADVAPI32.dll
0x00007ff951d90000 - 0x00007ff951e2e000 	C:\WINDOWS\System32\msvcrt.dll
0x00007ff953370000 - 0x00007ff95340c000 	C:\WINDOWS\System32\sechost.dll
0x00007ff951c60000 - 0x00007ff951d86000 	C:\WINDOWS\System32\RPCRT4.dll
0x00007ff952960000 - 0x00007ff952afd000 	C:\WINDOWS\System32\USER32.dll
0x00007ff9513c0000 - 0x00007ff9513e2000 	C:\WINDOWS\System32\win32u.dll
0x00007ff9523d0000 - 0x00007ff9523fc000 	C:\WINDOWS\System32\GDI32.dll
0x00007ff9513f0000 - 0x00007ff951505000 	C:\WINDOWS\System32\gdi32full.dll
0x00007ff950b90000 - 0x00007ff950c2d000 	C:\WINDOWS\System32\msvcp_win.dll
0x00007ff91d4c0000 - 0x00007ff91d4da000 	C:\Program Files\Java\jdk-18.0.2.1\bin\VCRUNTIME140.dll
0x00007ff933b80000 - 0x00007ff933e1a000 	C:\WINDOWS\WinSxS\amd64_microsoft.windows.common-controls_6595b64144ccf1df_6.0.19041.1110_none_60b5254171f9507e\COMCTL32.dll
0x00007ff9423e0000 - 0x00007ff9423ea000 	C:\WINDOWS\SYSTEM32\VERSION.dll
0x00007ff952720000 - 0x00007ff952750000 	C:\WINDOWS\System32\IMM32.DLL
0x00007ff92bbc0000 - 0x00007ff92bbcc000 	C:\Program Files\Java\jdk-18.0.2.1\bin\vcruntime140_1.dll
0x00007ff91b640000 - 0x00007ff91b6cd000 	C:\Program Files\Java\jdk-18.0.2.1\bin\msvcp140.dll
0x00007ff8ec3d0000 - 0x00007ff8ecfe1000 	C:\Program Files\Java\jdk-18.0.2.1\bin\server\jvm.dll
0x00007ff951ea0000 - 0x00007ff951ea8000 	C:\WINDOWS\System32\PSAPI.DLL
0x00007ff948780000 - 0x00007ff948789000 	C:\WINDOWS\SYSTEM32\WSOCK32.dll
0x00007ff952400000 - 0x00007ff95246b000 	C:\WINDOWS\System32\WS2_32.dll
0x00007ff93a220000 - 0x00007ff93a247000 	C:\WINDOWS\SYSTEM32\WINMM.dll
0x00007ff94f380000 - 0x00007ff94f392000 	C:\WINDOWS\SYSTEM32\kernel.appcore.dll
0x00007ff92a450000 - 0x00007ff92a45a000 	C:\Program Files\Java\jdk-18.0.2.1\bin\jimage.dll
0x00007ff94f170000 - 0x00007ff94f354000 	C:\WINDOWS\SYSTEM32\DBGHELP.DLL
0x00007ff943960000 - 0x00007ff943994000 	C:\WINDOWS\SYSTEM32\dbgcore.DLL
0x00007ff950f70000 - 0x00007ff950ff2000 	C:\WINDOWS\System32\bcryptPrimitives.dll
0x00007ff91cfc0000 - 0x00007ff91cfe5000 	C:\Program Files\Java\jdk-18.0.2.1\bin\java.dll

dbghelp: loaded successfully - version: 4.0.5 - missing functions: none
symbol engine: initialized successfully - sym options: 0x614 - pdb path: .;C:\Program Files\Java\jdk-18.0.2.1\bin;C:\WINDOWS\SYSTEM32;C:\WINDOWS\WinSxS\amd64_microsoft.windows.common-controls_6595b64144ccf1df_6.0.19041.1110_none_60b5254171f9507e;C:\Program Files\Java\jdk-18.0.2.1\bin\server

VM Arguments:
jvm_args: -Dnet.bytebuddy.agent.attacher.dump= 
java_command: net.bytebuddy.agent.Attacher com.sun.tools.attach.VirtualMachine 1368 C:\Users\Bruger\.m2\repository\net\bytebuddy\byte-buddy-agent\1.14.5\byte-buddy-agent-1.14.5.jar false 
java_class_path (initial): C:\Users\Bruger\.m2\repository\net\bytebuddy\byte-buddy-agent\1.14.5\byte-buddy-agent-1.14.5.jar
Launcher Type: SUN_STANDARD

[Global flags]
     intx CICompilerCount                          = 3                                         {product} {ergonomic}
     uint ConcGCThreads                            = 1                                         {product} {ergonomic}
     uint G1ConcRefinementThreads                  = 4                                         {product} {ergonomic}
   size_t G1HeapRegionSize                         = 1048576                                   {product} {ergonomic}
    uintx GCDrainStackTargetSize                   = 64                                        {product} {ergonomic}
   size_t InitialHeapSize                          = 134217728                                 {product} {ergonomic}
   size_t MarkStackSize                            = 4194304                                   {product} {ergonomic}
   size_t MaxHeapSize                              = 2116026368                                {product} {ergonomic}
   size_t MinHeapDeltaBytes                        = 1048576                                   {product} {ergonomic}
   size_t MinHeapSize                              = 8388608                                   {product} {ergonomic}
    uintx NonNMethodCodeHeapSize                   = 5832780                                {pd product} {ergonomic}
    uintx NonProfiledCodeHeapSize                  = 122912730                              {pd product} {ergonomic}
    uintx ProfiledCodeHeapSize                     = 122912730                              {pd product} {ergonomic}
    uintx ReservedCodeCacheSize                    = 251658240                              {pd product} {ergonomic}
     bool SegmentedCodeCache                       = true                                      {product} {ergonomic}
   size_t SoftMaxHeapSize                          = 2116026368                             {manageable} {ergonomic}
     bool UseCompressedClassPointers               = true                           {product lp64_product} {ergonomic}
     bool UseCompressedOops                        = true                           {product lp64_product} {ergonomic}
     bool UseG1GC                                  = true                                      {product} {ergonomic}
     bool UseLargePagesIndividualAllocation        = false                                  {pd product} {ergonomic}

Logging:
Log output configuration:
 #0: stdout all=warning uptime,level,tags foldmultilines=false
 #1: stderr all=off uptime,level,tags foldmultilines=false

Environment Variables:
PATH=C:\Program Files\Common Files\Oracle\Java\javapath;C:\Program Files (x86)\Common Files\Oracle\Java\javapath;C:\WINDOWS\system32;C:\WINDOWS;C:\WINDOWS\System32\Wbem;C:\WINDOWS\System32\WindowsPowerShell\v1.0\;C:\WINDOWS\System32\OpenSSH\;C:\Program Files\dotnet\;C:\Program Files\Microsoft SQL Server\130\Tools\Binn\;C:\Program Files\Microsoft SQL Server\Client SDK\ODBC\170\Tools\Binn\;C:\Program Files\Git\cmd;C:\Program Files\Docker\Docker\resources\bin;C:\Program Files\MySQL\MySQL Shell 8.0\bin\;C:\Users\Bruger\AppData\Local\Microsoft\WindowsApps;C:\Users\Bruger\.dotnet\tools;C:\Users\Bruger\AppData\Local\Programs\Microsoft VS Code\bin;C:\Program Files\JetBrains\IntelliJ IDEA 2022.2.1\bin;;C:\Users\Bruger\AppData\Local\GitHubDesktop\bin;
USERNAME=Bruger
OS=Windows_NT
PROCESSOR_IDENTIFIER=Intel64 Family 6 Model 142 Stepping 9, GenuineIntel



---------------  S Y S T E M  ---------------

OS:
 Windows 10 , 64 bit Build 19041 (10.0.19041.3155)
OS uptime: 1 days 6:30 hours
Hyper-V role detected

CPU: total 4 (initial active 4) (2 cores per cpu, 2 threads per core) family 6 model 142 stepping 9 microcode 0xd6, cx8, cmov, fxsr, ht, mmx, 3dnowpref, sse, sse2, sse3, ssse3, sse4.1, sse4.2, popcnt, lzcnt, tsc, tscinvbit, avx, avx2, aes, erms, clmul, bmi1, bmi2, adx, fma, vzeroupper, clflush, clflushopt, hv

Memory: 4k page, system-wide physical 8066M (798M free)
TotalPageFile size 14099M (AvailPageFile size 20M)
current process WorkingSet (physical memory assigned to process): 10M, peak: 10M
current process commit charge ("private bytes"): 52M, peak: 179M

vm_info: Java HotSpot(TM) 64-Bit Server VM (18.0.2.1+1-1) for windows-amd64 JRE (18.0.2.1+1-1), built on Aug 16 2022 01:46:33 by "mach5one" with MS VC++ 16.8 / 16.9 (VS2019)

END.
