#
# There is insufficient memory for the Java Runtime Environment to continue.
# Native memory allocation (malloc) failed to allocate 797856 bytes for Chunk::new
# Possible reasons:
#   The system is out of physical RAM or swap space
#   The process is running with CompressedOops enabled, and the Java Heap may be blocking the growth of the native heap
# Possible solutions:
#   Reduce memory load on the system
#   Increase physical memory or swap space
#   Check if swap backing store is full
#   Decrease Java heap size (-Xmx/-Xms)
#   Decrease number of Java threads
#   Decrease Java thread stack sizes (-Xss)
#   Set larger code cache with -XX:ReservedCodeCacheSize=
#   JVM is running with Unscaled Compressed Oops mode in which the Java heap is
#     placed in the first 4GB address space. The Java Heap base address is the
#     maximum limit for the native heap growth. Please use -XX:HeapBaseMinAddress
#     to set the Java Heap base and to place the Java Heap above 4GB virtual address.
# This output file may be truncated or incomplete.
#
#  Out of Memory Error (arena.cpp:184), pid=15604, tid=16184
#
# JRE version: Java(TM) SE Runtime Environment (18.0.2.1+1) (build 18.0.2.1+1-1)
# Java VM: Java HotSpot(TM) 64-Bit Server VM (18.0.2.1+1-1, mixed mode, sharing, tiered, compressed oops, compressed class ptrs, g1 gc, windows-amd64)
# No core dump will be written. Minidumps are not enabled by default on client versions of Windows
#

---------------  S U M M A R Y ------------

Command Line: -ea -Didea.test.cyclic.buffer.size=1048576 -javaagent:C:\Program Files\JetBrains\IntelliJ IDEA 2023.2\lib\idea_rt.jar=51101:C:\Program Files\JetBrains\IntelliJ IDEA 2023.2\bin -Dfile.encoding=UTF-8 -Dsun.stdout.encoding=UTF-8 -Dsun.stderr.encoding=UTF-8 com.intellij.rt.junit.JUnitStarter -ideVersion5 -junit5 dat3.car.car.repository.CarRepositoryTest,findByBrand

Host: Intel(R) Core(TM) i3-7100U CPU @ 2.40GHz, 4 cores, 7G,  Windows 10 , 64 bit Build 19041 (10.0.19041.3155)
Time: Thu Aug 31 15:01:56 2023 Rom, sommertid elapsed time: 11.601769 seconds (0d 0h 0m 11s)

---------------  T H R E A D  ---------------

Current thread (0x000001a8c7ba8100):  JavaThread "C2 CompilerThread1" daemon [_thread_in_native, id=16184, stack(0x0000008a51e00000,0x0000008a51f00000)]


Current CompileTask:
C2:  11601 4180       4       org.springframework.core.annotation.TypeMappedAnnotations::get (52 bytes)

Stack: [0x0000008a51e00000,0x0000008a51f00000]
Native frames: (J=compiled Java code, j=interpreted, Vv=VM code, C=native code)
V  [jvm.dll+0x6993aa]
V  [jvm.dll+0x7f46dd]
V  [jvm.dll+0x7f5fee]
V  [jvm.dll+0x7f66a3]
V  [jvm.dll+0x25cf1f]
V  [jvm.dll+0xb8c2f]
V  [jvm.dll+0xb8fa5]
V  [jvm.dll+0x2c7e2f]
V  [jvm.dll+0x5a0d8e]
V  [jvm.dll+0x238453]
V  [jvm.dll+0x231a39]
V  [jvm.dll+0x22f3cb]
V  [jvm.dll+0x1ba01c]
V  [jvm.dll+0x23ee0a]
V  [jvm.dll+0x23d0f5]
V  [jvm.dll+0x7a6dd1]
V  [jvm.dll+0x7a120a]
V  [jvm.dll+0x698255]
C  [ucrtbase.dll+0x21bb2]
C  [KERNEL32.DLL+0x17614]
C  [ntdll.dll+0x526b1]


---------------  P R O C E S S  ---------------

Threads class SMR info:
_java_thread_list=0x000001a8c5e04830, length=14, elements={
0x000001a8a0eb71e0, 0x000001a8c06cbd50, 0x000001a8c06ce8d0, 0x000001a8c06e9730,
0x000001a8c06e9fe0, 0x000001a8c06ea890, 0x000001a8c06eba90, 0x000001a8c06f4680,
0x000001a8c06fa600, 0x000001a8c06f9060, 0x000001a8c06b7ee0, 0x000001a8c4a92030,
0x000001a8c4a95d50, 0x000001a8c7ba8100
}

Java Threads: ( => current thread )
  0x000001a8a0eb71e0 JavaThread "main" [_thread_in_Java, id=6808, stack(0x0000008a50a00000,0x0000008a50b00000)]
  0x000001a8c06cbd50 JavaThread "Reference Handler" daemon [_thread_blocked, id=11836, stack(0x0000008a51100000,0x0000008a51200000)]
  0x000001a8c06ce8d0 JavaThread "Finalizer" daemon [_thread_blocked, id=9152, stack(0x0000008a51200000,0x0000008a51300000)]
  0x000001a8c06e9730 JavaThread "Signal Dispatcher" daemon [_thread_blocked, id=11336, stack(0x0000008a51300000,0x0000008a51400000)]
  0x000001a8c06e9fe0 JavaThread "Attach Listener" daemon [_thread_blocked, id=9068, stack(0x0000008a51400000,0x0000008a51500000)]
  0x000001a8c06ea890 JavaThread "Service Thread" daemon [_thread_blocked, id=12036, stack(0x0000008a51500000,0x0000008a51600000)]
  0x000001a8c06eba90 JavaThread "Monitor Deflation Thread" daemon [_thread_blocked, id=9148, stack(0x0000008a51600000,0x0000008a51700000)]
  0x000001a8c06f4680 JavaThread "C2 CompilerThread0" daemon [_thread_in_native, id=12212, stack(0x0000008a51700000,0x0000008a51800000)]
  0x000001a8c06fa600 JavaThread "C1 CompilerThread0" daemon [_thread_blocked, id=9012, stack(0x0000008a51800000,0x0000008a51900000)]
  0x000001a8c06f9060 JavaThread "Sweeper thread" daemon [_thread_blocked, id=9884, stack(0x0000008a51900000,0x0000008a51a00000)]
  0x000001a8c06b7ee0 JavaThread "Common-Cleaner" daemon [_thread_blocked, id=16204, stack(0x0000008a51a00000,0x0000008a51b00000)]
  0x000001a8c4a92030 JavaThread "Monitor Ctrl-Break" daemon [_thread_in_native, id=1260, stack(0x0000008a51b00000,0x0000008a51c00000)]
  0x000001a8c4a95d50 JavaThread "Notification Thread" daemon [_thread_blocked, id=4708, stack(0x0000008a51c00000,0x0000008a51d00000)]
=>0x000001a8c7ba8100 JavaThread "C2 CompilerThread1" daemon [_thread_in_native, id=16184, stack(0x0000008a51e00000,0x0000008a51f00000)]

Other Threads:
  0x000001a8c06c8e40 VMThread "VM Thread" [stack: 0x0000008a51000000,0x0000008a51100000] [id=3628]
  0x000001a8c4a982f0 WatcherThread "VM Periodic Task Thread" [stack: 0x0000008a51d00000,0x0000008a51e00000] [id=14260]
  0x000001a8a0f14bd0 WorkerThread "GC Thread#0" [stack: 0x0000008a50b00000,0x0000008a50c00000] [id=6356]
  0x000001a8c50bc310 WorkerThread "GC Thread#1" [stack: 0x0000008a51f00000,0x0000008a52000000] [id=13240]
  0x000001a8c50bc5b0 WorkerThread "GC Thread#2" [stack: 0x0000008a52000000,0x0000008a52100000] [id=7768]
  0x000001a8c515e000 WorkerThread "GC Thread#3" [stack: 0x0000008a52100000,0x0000008a52200000] [id=16120]
  0x000001a8a0f24be0 ConcurrentGCThread "G1 Main Marker" [stack: 0x0000008a50c00000,0x0000008a50d00000] [id=9088]
  0x000001a8a0d3cfd0 WorkerThread "G1 Conc#0" [stack: 0x0000008a50d00000,0x0000008a50e00000] [id=6672]
  0x000001a8a0f64db0 ConcurrentGCThread "G1 Refine#0" [stack: 0x0000008a50e00000,0x0000008a50f00000] [id=11040]
  0x000001a8a0f655d0 ConcurrentGCThread "G1 Service" [stack: 0x0000008a50f00000,0x0000008a51000000] [id=8480]

Threads with active compile tasks:
C2 CompilerThread0    11652 4052   !   4       org.springframework.core.annotation.AnnotationsScanner::processMethodHierarchy (276 bytes)
C2 CompilerThread1    11652 4180       4       org.springframework.core.annotation.TypeMappedAnnotations::get (52 bytes)

VM state: not at safepoint (normal execution)

VM Mutex/Monitor currently owned by a thread: None

Heap address: 0x0000000081e00000, size: 2018 MB, Compressed Oops mode: 32-bit

CDS archive(s) mapped at: [0x0000000800000000-0x0000000800ba0000-0x0000000800ba0000), size 12189696, SharedBaseAddress: 0x0000000800000000, ArchiveRelocationMode: 0.
Compressed class space mapped at: 0x0000000800c00000-0x0000000840c00000, reserved size: 1073741824
Narrow klass base: 0x0000000800000000, Narrow klass shift: 0, Narrow klass range: 0x100000000

GC Precious Log:
 CardTable entry size: 512
 Card Set container configuration: InlinePtr #cards 5 size 8 Array Of Cards #cards 12 size 40 Howl #buckets 4 coarsen threshold 1843 Howl Bitmap #cards 512 size 80 coarsen threshold 460 Card regions per heap region 1 cards per card region 2048
 CPUs: 4 total, 4 available
 Memory: 8066M
 Large Page Support: Disabled
 NUMA Support: Disabled
 Compressed Oops: Enabled (32-bit)
 Heap Region Size: 1M
 Heap Min Capacity: 8M
 Heap Initial Capacity: 128M
 Heap Max Capacity: 2018M
 Pre-touch: Disabled
 Parallel Workers: 4
 Concurrent Workers: 1
 Concurrent Refinement Workers: 4
 Periodic GC: Disabled

Heap:
 garbage-first heap   total 92160K, used 47707K [0x0000000081e00000, 0x0000000100000000)
  region size 1024K, 31 young (31744K), 1 survivors (1024K)
 Metaspace       used 50613K, committed 51136K, reserved 1114112K
  class space    used 6885K, committed 7168K, reserved 1048576K

Heap Regions: E=young(eden), S=young(survivor), O=old, HS=humongous(starts), HC=humongous(continues), CS=collection set, F=free, OA=open archive, CA=closed archive, TAMS=top-at-mark-start (previous, next)
|   0|0x0000000081e00000, 0x0000000081f00000, 0x0000000081f00000|100%|HS|  |TAMS 0x0000000081f00000, 0x0000000081e00000| Complete 
|   1|0x0000000081f00000, 0x0000000082000000, 0x0000000082000000|100%| O|  |TAMS 0x0000000082000000, 0x0000000081f00000| Untracked 
|   2|0x0000000082000000, 0x0000000082100000, 0x0000000082100000|100%| O|  |TAMS 0x0000000082100000, 0x0000000082000000| Untracked 
|   3|0x0000000082100000, 0x0000000082200000, 0x0000000082200000|100%| O|  |TAMS 0x0000000082200000, 0x0000000082100000| Untracked 
|   4|0x0000000082200000, 0x0000000082300000, 0x0000000082300000|100%| O|  |TAMS 0x0000000082300000, 0x0000000082200000| Untracked 
|   5|0x0000000082300000, 0x0000000082400000, 0x0000000082400000|100%| O|  |TAMS 0x0000000082400000, 0x0000000082300000| Untracked 
|   6|0x0000000082400000, 0x0000000082500000, 0x0000000082500000|100%| O|  |TAMS 0x0000000082400000, 0x0000000082400000| Untracked 
|   7|0x0000000082500000, 0x0000000082600000, 0x0000000082600000|100%| O|  |TAMS 0x0000000082600000, 0x0000000082500000| Untracked 
|   8|0x0000000082600000, 0x0000000082700000, 0x0000000082700000|100%| O|  |TAMS 0x0000000082700000, 0x0000000082600000| Untracked 
|   9|0x0000000082700000, 0x0000000082800000, 0x0000000082800000|100%| O|  |TAMS 0x0000000082800000, 0x0000000082700000| Untracked 
|  10|0x0000000082800000, 0x0000000082900000, 0x0000000082900000|100%| O|  |TAMS 0x0000000082900000, 0x0000000082800000| Untracked 
|  11|0x0000000082900000, 0x0000000082a00000, 0x0000000082a00000|100%| O|  |TAMS 0x0000000082a00000, 0x0000000082900000| Untracked 
|  12|0x0000000082a00000, 0x0000000082b00000, 0x0000000082b00000|100%| O|  |TAMS 0x0000000082b00000, 0x0000000082a00000| Untracked 
|  13|0x0000000082b00000, 0x0000000082c00000, 0x0000000082c00000|100%| O|  |TAMS 0x0000000082c00000, 0x0000000082b00000| Untracked 
|  14|0x0000000082c00000, 0x0000000082c00000, 0x0000000082d00000|  0%| F|  |TAMS 0x0000000082c00000, 0x0000000082c00000| Untracked 
|  15|0x0000000082d00000, 0x0000000082e00000, 0x0000000082e00000|100%| O|  |TAMS 0x0000000082d80200, 0x0000000082d00000| Untracked 
|  16|0x0000000082e00000, 0x0000000082f00000, 0x0000000082f00000|100%| O|  |TAMS 0x0000000082e00000, 0x0000000082e00000| Untracked 
|  17|0x0000000082f00000, 0x0000000082fba000, 0x0000000083000000| 72%| O|  |TAMS 0x0000000082f00000, 0x0000000082f00000| Untracked 
|  18|0x0000000083000000, 0x0000000083000000, 0x0000000083100000|  0%| F|  |TAMS 0x0000000083000000, 0x0000000083000000| Untracked 
|  19|0x0000000083100000, 0x0000000083100000, 0x0000000083200000|  0%| F|  |TAMS 0x0000000083100000, 0x0000000083100000| Untracked 
|  20|0x0000000083200000, 0x0000000083200000, 0x0000000083300000|  0%| F|  |TAMS 0x0000000083200000, 0x0000000083200000| Untracked 
|  21|0x0000000083300000, 0x0000000083300000, 0x0000000083400000|  0%| F|  |TAMS 0x0000000083300000, 0x0000000083300000| Untracked 
|  22|0x0000000083400000, 0x0000000083400000, 0x0000000083500000|  0%| F|  |TAMS 0x0000000083400000, 0x0000000083400000| Untracked 
|  23|0x0000000083500000, 0x0000000083500000, 0x0000000083600000|  0%| F|  |TAMS 0x0000000083500000, 0x0000000083500000| Untracked 
|  24|0x0000000083600000, 0x0000000083600000, 0x0000000083700000|  0%| F|  |TAMS 0x0000000083600000, 0x0000000083600000| Untracked 
|  25|0x0000000083700000, 0x0000000083700000, 0x0000000083800000|  0%| F|  |TAMS 0x0000000083700000, 0x0000000083700000| Untracked 
|  26|0x0000000083800000, 0x0000000083800000, 0x0000000083900000|  0%| F|  |TAMS 0x0000000083800000, 0x0000000083800000| Untracked 
|  27|0x0000000083900000, 0x00000000839dcd60, 0x0000000083a00000| 86%| S|CS|TAMS 0x0000000083900000, 0x0000000083900000| Complete 
|  28|0x0000000083a00000, 0x0000000083a00000, 0x0000000083b00000|  0%| F|  |TAMS 0x0000000083a00000, 0x0000000083a00000| Untracked 
|  29|0x0000000083b00000, 0x0000000083b00000, 0x0000000083c00000|  0%| F|  |TAMS 0x0000000083b00000, 0x0000000083b00000| Untracked 
|  30|0x0000000083c00000, 0x0000000083c00000, 0x0000000083d00000|  0%| F|  |TAMS 0x0000000083c00000, 0x0000000083c00000| Untracked 
|  31|0x0000000083d00000, 0x0000000083d00000, 0x0000000083e00000|  0%| F|  |TAMS 0x0000000083d00000, 0x0000000083d00000| Untracked 
|  32|0x0000000083e00000, 0x0000000083e00000, 0x0000000083f00000|  0%| F|  |TAMS 0x0000000083e00000, 0x0000000083e00000| Untracked 
|  33|0x0000000083f00000, 0x0000000083f00000, 0x0000000084000000|  0%| F|  |TAMS 0x0000000083f00000, 0x0000000083f00000| Untracked 
|  34|0x0000000084000000, 0x0000000084000000, 0x0000000084100000|  0%| F|  |TAMS 0x0000000084000000, 0x0000000084000000| Untracked 
|  35|0x0000000084100000, 0x0000000084100000, 0x0000000084200000|  0%| F|  |TAMS 0x0000000084100000, 0x0000000084100000| Untracked 
|  36|0x0000000084200000, 0x0000000084200000, 0x0000000084300000|  0%| F|  |TAMS 0x0000000084200000, 0x0000000084200000| Untracked 
|  37|0x0000000084300000, 0x0000000084300000, 0x0000000084400000|  0%| F|  |TAMS 0x0000000084300000, 0x0000000084300000| Untracked 
|  38|0x0000000084400000, 0x0000000084400000, 0x0000000084500000|  0%| F|  |TAMS 0x0000000084400000, 0x0000000084400000| Untracked 
|  39|0x0000000084500000, 0x0000000084500000, 0x0000000084600000|  0%| F|  |TAMS 0x0000000084500000, 0x0000000084500000| Untracked 
|  40|0x0000000084600000, 0x0000000084600000, 0x0000000084700000|  0%| F|  |TAMS 0x0000000084600000, 0x0000000084600000| Untracked 
|  41|0x0000000084700000, 0x0000000084700000, 0x0000000084800000|  0%| F|  |TAMS 0x0000000084700000, 0x0000000084700000| Untracked 
|  42|0x0000000084800000, 0x0000000084800000, 0x0000000084900000|  0%| F|  |TAMS 0x0000000084800000, 0x0000000084800000| Untracked 
|  43|0x0000000084900000, 0x0000000084900000, 0x0000000084a00000|  0%| F|  |TAMS 0x0000000084900000, 0x0000000084900000| Untracked 
|  44|0x0000000084a00000, 0x0000000084a00000, 0x0000000084b00000|  0%| F|  |TAMS 0x0000000084a00000, 0x0000000084a00000| Untracked 
|  45|0x0000000084b00000, 0x0000000084b00000, 0x0000000084c00000|  0%| F|  |TAMS 0x0000000084b00000, 0x0000000084b00000| Untracked 
|  46|0x0000000084c00000, 0x0000000084c00000, 0x0000000084d00000|  0%| F|  |TAMS 0x0000000084c00000, 0x0000000084c00000| Untracked 
|  47|0x0000000084d00000, 0x0000000084d00000, 0x0000000084e00000|  0%| F|  |TAMS 0x0000000084d00000, 0x0000000084d00000| Untracked 
|  48|0x0000000084e00000, 0x0000000084e00000, 0x0000000084f00000|  0%| F|  |TAMS 0x0000000084e00000, 0x0000000084e00000| Untracked 
|  49|0x0000000084f00000, 0x0000000084f00000, 0x0000000085000000|  0%| F|  |TAMS 0x0000000084f00000, 0x0000000084f00000| Untracked 
|  50|0x0000000085000000, 0x0000000085000000, 0x0000000085100000|  0%| F|  |TAMS 0x0000000085000000, 0x0000000085000000| Untracked 
|  51|0x0000000085100000, 0x0000000085100000, 0x0000000085200000|  0%| F|  |TAMS 0x0000000085100000, 0x0000000085100000| Untracked 
|  52|0x0000000085200000, 0x0000000085200000, 0x0000000085300000|  0%| F|  |TAMS 0x0000000085200000, 0x0000000085200000| Untracked 
|  53|0x0000000085300000, 0x0000000085300000, 0x0000000085400000|  0%| F|  |TAMS 0x0000000085300000, 0x0000000085300000| Untracked 
|  54|0x0000000085400000, 0x0000000085400000, 0x0000000085500000|  0%| F|  |TAMS 0x0000000085400000, 0x0000000085400000| Untracked 
|  55|0x0000000085500000, 0x0000000085500000, 0x0000000085600000|  0%| F|  |TAMS 0x0000000085500000, 0x0000000085500000| Untracked 
|  56|0x0000000085600000, 0x0000000085600000, 0x0000000085700000|  0%| F|  |TAMS 0x0000000085600000, 0x0000000085600000| Untracked 
|  57|0x0000000085700000, 0x0000000085700000, 0x0000000085800000|  0%| F|  |TAMS 0x0000000085700000, 0x0000000085700000| Untracked 
|  58|0x0000000085800000, 0x0000000085800000, 0x0000000085900000|  0%| F|  |TAMS 0x0000000085800000, 0x0000000085800000| Untracked 
|  59|0x0000000085900000, 0x0000000085900000, 0x0000000085a00000|  0%| F|  |TAMS 0x0000000085900000, 0x0000000085900000| Untracked 
|  60|0x0000000085a00000, 0x0000000085ab2678, 0x0000000085b00000| 69%| E|  |TAMS 0x0000000085a00000, 0x0000000085a00000| Complete 
|  61|0x0000000085b00000, 0x0000000085c00000, 0x0000000085c00000|100%| E|CS|TAMS 0x0000000085b00000, 0x0000000085b00000| Complete 
|  62|0x0000000085c00000, 0x0000000085d00000, 0x0000000085d00000|100%| E|CS|TAMS 0x0000000085c00000, 0x0000000085c00000| Complete 
|  63|0x0000000085d00000, 0x0000000085e00000, 0x0000000085e00000|100%| E|CS|TAMS 0x0000000085d00000, 0x0000000085d00000| Complete 
|  64|0x0000000085e00000, 0x0000000085f00000, 0x0000000085f00000|100%| E|CS|TAMS 0x0000000085e00000, 0x0000000085e00000| Complete 
|  65|0x0000000085f00000, 0x0000000086000000, 0x0000000086000000|100%| E|CS|TAMS 0x0000000085f00000, 0x0000000085f00000| Complete 
|  66|0x0000000086000000, 0x0000000086100000, 0x0000000086100000|100%| E|CS|TAMS 0x0000000086000000, 0x0000000086000000| Complete 
|  67|0x0000000086100000, 0x0000000086200000, 0x0000000086200000|100%| E|CS|TAMS 0x0000000086100000, 0x0000000086100000| Complete 
|  68|0x0000000086200000, 0x0000000086300000, 0x0000000086300000|100%| E|CS|TAMS 0x0000000086200000, 0x0000000086200000| Complete 
|  69|0x0000000086300000, 0x0000000086400000, 0x0000000086400000|100%| E|CS|TAMS 0x0000000086300000, 0x0000000086300000| Complete 
|  70|0x0000000086400000, 0x0000000086500000, 0x0000000086500000|100%| E|CS|TAMS 0x0000000086400000, 0x0000000086400000| Complete 
|  71|0x0000000086500000, 0x0000000086600000, 0x0000000086600000|100%| E|CS|TAMS 0x0000000086500000, 0x0000000086500000| Complete 
|  72|0x0000000086600000, 0x0000000086700000, 0x0000000086700000|100%| E|CS|TAMS 0x0000000086600000, 0x0000000086600000| Complete 
|  73|0x0000000086700000, 0x0000000086800000, 0x0000000086800000|100%| E|CS|TAMS 0x0000000086700000, 0x0000000086700000| Complete 
|  74|0x0000000086800000, 0x0000000086900000, 0x0000000086900000|100%| E|CS|TAMS 0x0000000086800000, 0x0000000086800000| Complete 
|  75|0x0000000086900000, 0x0000000086a00000, 0x0000000086a00000|100%| E|CS|TAMS 0x0000000086900000, 0x0000000086900000| Complete 
|  76|0x0000000086a00000, 0x0000000086b00000, 0x0000000086b00000|100%| E|CS|TAMS 0x0000000086a00000, 0x0000000086a00000| Complete 
|  77|0x0000000086b00000, 0x0000000086c00000, 0x0000000086c00000|100%| E|CS|TAMS 0x0000000086b00000, 0x0000000086b00000| Complete 
|  78|0x0000000086c00000, 0x0000000086d00000, 0x0000000086d00000|100%| E|CS|TAMS 0x0000000086c00000, 0x0000000086c00000| Complete 
|  79|0x0000000086d00000, 0x0000000086e00000, 0x0000000086e00000|100%| E|CS|TAMS 0x0000000086d00000, 0x0000000086d00000| Complete 
|  80|0x0000000086e00000, 0x0000000086f00000, 0x0000000086f00000|100%| E|CS|TAMS 0x0000000086e00000, 0x0000000086e00000| Complete 
|  81|0x0000000086f00000, 0x0000000087000000, 0x0000000087000000|100%| E|CS|TAMS 0x0000000086f00000, 0x0000000086f00000| Complete 
|  82|0x0000000087000000, 0x0000000087100000, 0x0000000087100000|100%| E|CS|TAMS 0x0000000087000000, 0x0000000087000000| Complete 
|  83|0x0000000087100000, 0x0000000087200000, 0x0000000087200000|100%| E|CS|TAMS 0x0000000087100000, 0x0000000087100000| Complete 
|  84|0x0000000087200000, 0x0000000087300000, 0x0000000087300000|100%| E|CS|TAMS 0x0000000087200000, 0x0000000087200000| Complete 
|  85|0x0000000087300000, 0x0000000087400000, 0x0000000087400000|100%| E|CS|TAMS 0x0000000087300000, 0x0000000087300000| Complete 
|  86|0x0000000087400000, 0x0000000087500000, 0x0000000087500000|100%| E|CS|TAMS 0x0000000087400000, 0x0000000087400000| Complete 
|  87|0x0000000087500000, 0x0000000087600000, 0x0000000087600000|100%| E|CS|TAMS 0x0000000087500000, 0x0000000087500000| Complete 
|  88|0x0000000087600000, 0x0000000087700000, 0x0000000087700000|100%| E|CS|TAMS 0x0000000087600000, 0x0000000087600000| Complete 
| 127|0x0000000089d00000, 0x0000000089e00000, 0x0000000089e00000|100%| E|CS|TAMS 0x0000000089d00000, 0x0000000089d00000| Complete 

Card table byte_map: [0x000001a8b99e0000,0x000001a8b9de0000] _byte_map_base: 0x000001a8b95d1000

Marking Bits (Prev, Next): (CMBitMap*) 0x000001a8a0d3b170, (CMBitMap*) 0x000001a8a0d3b1b0
 Prev Bits: [0x000001a8ba1e0000, 0x000001a8bc168000)
 Next Bits: [0x000001a8bc170000, 0x000001a8be0f8000)

Polling page: 0x000001a8a0f70000

Metaspace:

Usage:
  Non-class:     42.70 MB used.
      Class:      6.72 MB used.
       Both:     49.43 MB used.

Virtual space:
  Non-class space:       64.00 MB reserved,      42.94 MB ( 67%) committed,  1 nodes.
      Class space:        1.00 GB reserved,       7.00 MB ( <1%) committed,  1 nodes.
             Both:        1.06 GB reserved,      49.94 MB (  5%) committed. 

Chunk freelists:
   Non-Class:  1.06 MB
       Class:  944.00 KB
        Both:  1.98 MB

MaxMetaspaceSize: unlimited
CompressedClassSpaceSize: 1.00 GB
Initial GC threshold: 21.00 MB
Current GC threshold: 59.00 MB
CDS: on
MetaspaceReclaimPolicy: balanced
 - commit_granule_bytes: 65536.
 - commit_granule_words: 8192.
 - virtual_space_node_default_size: 8388608.
 - enlarge_chunks_in_place: 1.
 - new_chunks_are_fully_committed: 0.
 - uncommit_free_chunks: 1.
 - use_allocation_guard: 0.


Internal statistics:

num_allocs_failed_limit: 6.
num_arena_births: 634.
num_arena_deaths: 0.
num_vsnodes_births: 2.
num_vsnodes_deaths: 0.
num_space_committed: 799.
num_space_uncommitted: 0.
num_chunks_returned_to_freelist: 6.
num_chunks_taken_from_freelist: 2431.
num_chunk_merges: 6.
num_chunk_splits: 1790.
num_chunks_enlarged: 1469.
num_inconsistent_stats: 0.

CodeHeap 'non-profiled nmethods': size=120000Kb used=2262Kb max_used=2262Kb free=117737Kb
 bounds [0x000001a8b1a80000, 0x000001a8b1cf0000, 0x000001a8b8fb0000]
CodeHeap 'profiled nmethods': size=120000Kb used=8798Kb max_used=8798Kb free=111201Kb
 bounds [0x000001a8aa550000, 0x000001a8aadf0000, 0x000001a8b1a80000]
CodeHeap 'non-nmethods': size=5760Kb used=1311Kb max_used=1375Kb free=4448Kb
 bounds [0x000001a8a9fb0000, 0x000001a8aa220000, 0x000001a8aa550000]
 total_blobs=4853 nmethods=4228 adapters=536
 compilation: enabled
              stopped_count=0, restarted_count=0
 full_count=0

Compilation events (20 events):
Event: 11.510 Thread 0x000001a8c06fa600 nmethod 4192 0x000001a8aadce490 code [0x000001a8aadce6c0, 0x000001a8aadceec8]
Event: 11.577 Thread 0x000001a8c06fa600 4200       1       sun.reflect.generics.tree.ClassSignature::getSuperInterfaces (5 bytes)
Event: 11.577 Thread 0x000001a8c06fa600 nmethod 4200 0x000001a8b1cb4690 code [0x000001a8b1cb4820, 0x000001a8b1cb48f8]
Event: 11.578 Thread 0x000001a8c06fa600 4201       3       sun.reflect.generics.parser.SignatureParser::parseTypeArguments (109 bytes)
Event: 11.579 Thread 0x000001a8c06fa600 nmethod 4201 0x000001a8aadcf190 code [0x000001a8aadcf440, 0x000001a8aadd03c8]
Event: 11.579 Thread 0x000001a8c06fa600 4202       3       org.springframework.core.convert.support.GenericConversionService$Converters::add (75 bytes)
Event: 11.580 Thread 0x000001a8c06fa600 nmethod 4202 0x000001a8aadd0890 code [0x000001a8aadd0b20, 0x000001a8aadd1958]
Event: 11.585 Thread 0x000001a8c06fa600 4203   !   3       java.util.concurrent.ConcurrentHashMap::clear (176 bytes)
Event: 11.586 Thread 0x000001a8c06fa600 nmethod 4203 0x000001a8aadd1d90 code [0x000001a8aadd1fc0, 0x000001a8aadd28e8]
Event: 11.596 Thread 0x000001a8c06fa600 4204       3       org.springframework.core.annotation.AnnotationUtils::isCandidateClass (22 bytes)
Event: 11.597 Thread 0x000001a8c06fa600 nmethod 4204 0x000001a8aadd2c90 code [0x000001a8aadd2ea0, 0x000001a8aadd33c8]
Event: 11.597 Thread 0x000001a8c06fa600 4205       3       org.springframework.boot.test.mock.mockito.MockitoPostProcessor$$Lambda$802/0x0000000800efb538::doWith (13 bytes)
Event: 11.597 Thread 0x000001a8c06fa600 nmethod 4205 0x000001a8aadd3590 code [0x000001a8aadd3740, 0x000001a8aadd38e8]
Event: 11.597 Thread 0x000001a8c06fa600 4206       3       org.springframework.boot.test.mock.mockito.MockitoPostProcessor::lambda$postProcessProperties$0 (7 bytes)
Event: 11.597 Thread 0x000001a8c06fa600 nmethod 4206 0x000001a8aadd3a10 code [0x000001a8aadd3ba0, 0x000001a8aadd3ce8]
Event: 11.597 Thread 0x000001a8c06fa600 4207       3       org.springframework.boot.test.mock.mockito.MockitoPostProcessor::postProcessField (29 bytes)
Event: 11.598 Thread 0x000001a8c06fa600 nmethod 4207 0x000001a8aadd3d90 code [0x000001a8aadd3f80, 0x000001a8aadd4528]
Event: 11.598 Thread 0x000001a8c06fa600 4208       1       org.springframework.beans.GenericTypeAwarePropertyDescriptor::getWriteMethod (5 bytes)
Event: 11.598 Thread 0x000001a8c06fa600 nmethod 4208 0x000001a8b1cb4990 code [0x000001a8b1cb4b20, 0x000001a8b1cb4bf8]
Event: 11.598 Thread 0x000001a8c06fa600 4210       3       org.springframework.transaction.interceptor.AbstractFallbackTransactionAttributeSource::getTransactionAttribute (165 bytes)

GC Heap History (20 events):
Event: 1.709 GC heap before
{Heap before GC invocations=1 (full 0):
 garbage-first heap   total 131072K, used 17784K [0x0000000081e00000, 0x0000000100000000)
  region size 1024K, 13 young (13312K), 2 survivors (2048K)
 Metaspace       used 5603K, committed 5760K, reserved 1114112K
  class space    used 676K, committed 768K, reserved 1048576K
}
Event: 1.715 GC heap after
{Heap after GC invocations=2 (full 0):
 garbage-first heap   total 131072K, used 7748K [0x0000000081e00000, 0x0000000100000000)
  region size 1024K, 2 young (2048K), 2 survivors (2048K)
 Metaspace       used 5603K, committed 5760K, reserved 1114112K
  class space    used 676K, committed 768K, reserved 1048576K
}
Event: 3.047 GC heap before
{Heap before GC invocations=2 (full 0):
 garbage-first heap   total 131072K, used 28228K [0x0000000081e00000, 0x0000000100000000)
  region size 1024K, 22 young (22528K), 2 survivors (2048K)
 Metaspace       used 11151K, committed 11328K, reserved 1114112K
  class space    used 1384K, committed 1472K, reserved 1048576K
}
Event: 3.054 GC heap after
{Heap after GC invocations=3 (full 0):
 garbage-first heap   total 131072K, used 9269K [0x0000000081e00000, 0x0000000100000000)
  region size 1024K, 3 young (3072K), 3 survivors (3072K)
 Metaspace       used 11151K, committed 11328K, reserved 1114112K
  class space    used 1384K, committed 1472K, reserved 1048576K
}
Event: 5.155 GC heap before
{Heap before GC invocations=3 (full 0):
 garbage-first heap   total 131072K, used 58421K [0x0000000081e00000, 0x0000000100000000)
  region size 1024K, 52 young (53248K), 3 survivors (3072K)
 Metaspace       used 21235K, committed 21504K, reserved 1114112K
  class space    used 2647K, committed 2816K, reserved 1048576K
}
Event: 5.169 GC heap after
{Heap after GC invocations=4 (full 0):
 garbage-first heap   total 131072K, used 12692K [0x0000000081e00000, 0x0000000100000000)
  region size 1024K, 6 young (6144K), 6 survivors (6144K)
 Metaspace       used 21235K, committed 21504K, reserved 1114112K
  class space    used 2647K, committed 2816K, reserved 1048576K
}
Event: 6.462 GC heap before
{Heap before GC invocations=5 (full 0):
 garbage-first heap   total 48128K, used 35220K [0x0000000081e00000, 0x0000000100000000)
  region size 1024K, 28 young (28672K), 6 survivors (6144K)
 Metaspace       used 27152K, committed 27520K, reserved 1114112K
  class space    used 3382K, committed 3584K, reserved 1048576K
}
Event: 6.486 GC heap after
{Heap after GC invocations=6 (full 0):
 garbage-first heap   total 48128K, used 14979K [0x0000000081e00000, 0x0000000100000000)
  region size 1024K, 3 young (3072K), 3 survivors (3072K)
 Metaspace       used 27152K, committed 27520K, reserved 1114112K
  class space    used 3382K, committed 3584K, reserved 1048576K
}
Event: 6.519 GC heap before
{Heap before GC invocations=6 (full 0):
 garbage-first heap   total 48128K, used 16003K [0x0000000081e00000, 0x0000000100000000)
  region size 1024K, 4 young (4096K), 3 survivors (3072K)
 Metaspace       used 27421K, committed 27776K, reserved 1114112K
  class space    used 3419K, committed 3584K, reserved 1048576K
}
Event: 6.527 GC heap after
{Heap after GC invocations=7 (full 0):
 garbage-first heap   total 48128K, used 15345K [0x0000000081e00000, 0x0000000100000000)
  region size 1024K, 1 young (1024K), 1 survivors (1024K)
 Metaspace       used 27421K, committed 27776K, reserved 1114112K
  class space    used 3419K, committed 3584K, reserved 1048576K
}
Event: 7.460 GC heap before
{Heap before GC invocations=7 (full 0):
 garbage-first heap   total 48128K, used 31729K [0x0000000081e00000, 0x0000000100000000)
  region size 1024K, 18 young (18432K), 1 survivors (1024K)
 Metaspace       used 31762K, committed 32192K, reserved 1114112K
  class space    used 4036K, committed 4224K, reserved 1048576K
}
Event: 7.465 GC heap after
{Heap after GC invocations=8 (full 0):
 garbage-first heap   total 48128K, used 15935K [0x0000000081e00000, 0x0000000100000000)
  region size 1024K, 2 young (2048K), 2 survivors (2048K)
 Metaspace       used 31762K, committed 32192K, reserved 1114112K
  class space    used 4036K, committed 4224K, reserved 1048576K
}
Event: 8.271 GC heap before
{Heap before GC invocations=8 (full 0):
 garbage-first heap   total 48128K, used 30271K [0x0000000081e00000, 0x0000000100000000)
  region size 1024K, 17 young (17408K), 2 survivors (2048K)
 Metaspace       used 35545K, committed 35968K, reserved 1114112K
  class space    used 4610K, committed 4800K, reserved 1048576K
}
Event: 8.277 GC heap after
{Heap after GC invocations=9 (full 0):
 garbage-first heap   total 48128K, used 16640K [0x0000000081e00000, 0x0000000100000000)
  region size 1024K, 2 young (2048K), 2 survivors (2048K)
 Metaspace       used 35545K, committed 35968K, reserved 1114112K
  class space    used 4610K, committed 4800K, reserved 1048576K
}
Event: 9.295 GC heap before
{Heap before GC invocations=10 (full 0):
 garbage-first heap   total 48128K, used 35072K [0x0000000081e00000, 0x0000000100000000)
  region size 1024K, 20 young (20480K), 2 survivors (2048K)
 Metaspace       used 40998K, committed 41408K, reserved 1114112K
  class space    used 5448K, committed 5632K, reserved 1048576K
}
Event: 9.305 GC heap after
{Heap after GC invocations=11 (full 0):
 garbage-first heap   total 48128K, used 17597K [0x0000000081e00000, 0x0000000100000000)
  region size 1024K, 2 young (2048K), 2 survivors (2048K)
 Metaspace       used 40998K, committed 41408K, reserved 1114112K
  class space    used 5448K, committed 5632K, reserved 1048576K
}
Event: 9.383 GC heap before
{Heap before GC invocations=11 (full 0):
 garbage-first heap   total 48128K, used 18621K [0x0000000081e00000, 0x0000000100000000)
  region size 1024K, 3 young (3072K), 2 survivors (2048K)
 Metaspace       used 41661K, committed 42048K, reserved 1114112K
  class space    used 5501K, committed 5696K, reserved 1048576K
}
Event: 9.390 GC heap after
{Heap after GC invocations=12 (full 0):
 garbage-first heap   total 48128K, used 17420K [0x0000000081e00000, 0x0000000100000000)
  region size 1024K, 1 young (1024K), 1 survivors (1024K)
 Metaspace       used 41661K, committed 42048K, reserved 1114112K
  class space    used 5501K, committed 5696K, reserved 1048576K
}
Event: 10.380 GC heap before
{Heap before GC invocations=12 (full 0):
 garbage-first heap   total 48128K, used 34828K [0x0000000081e00000, 0x0000000100000000)
  region size 1024K, 19 young (19456K), 1 survivors (1024K)
 Metaspace       used 45778K, committed 46208K, reserved 1114112K
  class space    used 6206K, committed 6400K, reserved 1048576K
}
Event: 10.384 GC heap after
{Heap after GC invocations=13 (full 0):
 garbage-first heap   total 92160K, used 18011K [0x0000000081e00000, 0x0000000100000000)
  region size 1024K, 1 young (1024K), 1 survivors (1024K)
 Metaspace       used 45778K, committed 46208K, reserved 1114112K
  class space    used 6206K, committed 6400K, reserved 1048576K
}

Deoptimization events (20 events):
Event: 11.388 Thread 0x000001a8a0eb71e0 Uncommon trap: trap_request=0xffffffde fr.pc=0x000001a8b1c98000 relative=0x0000000000000700
Event: 11.388 Thread 0x000001a8a0eb71e0 Uncommon trap: reason=class_check action=maybe_recompile pc=0x000001a8b1c98000 method=org.springframework.util.ConcurrentReferenceHashMap$Segment.findInChain(Lorg/springframework/util/ConcurrentReferenceHashMap$Reference;Ljava/lang/Object;I)Lorg/springfra
Event: 11.388 Thread 0x000001a8a0eb71e0 DEOPT PACKING pc=0x000001a8b1c98000 sp=0x0000008a50afb320
Event: 11.388 Thread 0x000001a8a0eb71e0 DEOPT UNPACKING pc=0x000001a8aa0023a3 sp=0x0000008a50afb110 mode 2
Event: 11.390 Thread 0x000001a8a0eb71e0 Uncommon trap: trap_request=0xffffffde fr.pc=0x000001a8b1c9cf04 relative=0x0000000000000624
Event: 11.390 Thread 0x000001a8a0eb71e0 Uncommon trap: reason=class_check action=maybe_recompile pc=0x000001a8b1c9cf04 method=org.springframework.util.ConcurrentReferenceHashMap$Segment.findInChain(Lorg/springframework/util/ConcurrentReferenceHashMap$Reference;Ljava/lang/Object;I)Lorg/springfra
Event: 11.390 Thread 0x000001a8a0eb71e0 DEOPT PACKING pc=0x000001a8b1c9cf04 sp=0x0000008a50afb2d0
Event: 11.390 Thread 0x000001a8a0eb71e0 DEOPT UNPACKING pc=0x000001a8aa0023a3 sp=0x0000008a50afb108 mode 2
Event: 11.390 Thread 0x000001a8a0eb71e0 Uncommon trap: trap_request=0xffffffde fr.pc=0x000001a8b1c9dfa8 relative=0x00000000000005c8
Event: 11.390 Thread 0x000001a8a0eb71e0 Uncommon trap: reason=class_check action=maybe_recompile pc=0x000001a8b1c9dfa8 method=org.springframework.util.ConcurrentReferenceHashMap$Segment.findInChain(Lorg/springframework/util/ConcurrentReferenceHashMap$Reference;Ljava/lang/Object;I)Lorg/springfra
Event: 11.390 Thread 0x000001a8a0eb71e0 DEOPT PACKING pc=0x000001a8b1c9dfa8 sp=0x0000008a50afb240
Event: 11.390 Thread 0x000001a8a0eb71e0 DEOPT UNPACKING pc=0x000001a8aa0023a3 sp=0x0000008a50afb108 mode 2
Event: 11.392 Thread 0x000001a8a0eb71e0 Uncommon trap: trap_request=0xffffffde fr.pc=0x000001a8b1c9ee3c relative=0x000000000000045c
Event: 11.392 Thread 0x000001a8a0eb71e0 Uncommon trap: reason=class_check action=maybe_recompile pc=0x000001a8b1c9ee3c method=org.springframework.util.ConcurrentReferenceHashMap$Segment.findInChain(Lorg/springframework/util/ConcurrentReferenceHashMap$Reference;Ljava/lang/Object;I)Lorg/springfra
Event: 11.392 Thread 0x000001a8a0eb71e0 DEOPT PACKING pc=0x000001a8b1c9ee3c sp=0x0000008a50afb1c0
Event: 11.392 Thread 0x000001a8a0eb71e0 DEOPT UNPACKING pc=0x000001a8aa0023a3 sp=0x0000008a50afb108 mode 2
Event: 11.392 Thread 0x000001a8a0eb71e0 Uncommon trap: trap_request=0xffffffde fr.pc=0x000001a8b1c99830 relative=0x0000000000000210
Event: 11.392 Thread 0x000001a8a0eb71e0 Uncommon trap: reason=class_check action=maybe_recompile pc=0x000001a8b1c99830 method=org.springframework.util.ConcurrentReferenceHashMap$Segment.findInChain(Lorg/springframework/util/ConcurrentReferenceHashMap$Reference;Ljava/lang/Object;I)Lorg/springfra
Event: 11.392 Thread 0x000001a8a0eb71e0 DEOPT PACKING pc=0x000001a8b1c99830 sp=0x0000008a50afb150
Event: 11.392 Thread 0x000001a8a0eb71e0 DEOPT UNPACKING pc=0x000001a8aa0023a3 sp=0x0000008a50afb108 mode 2

Classes loaded (20 events):
Event: 10.719 Loading class java/util/stream/ReduceOps$CountingSink$OfRef
Event: 10.719 Loading class java/util/stream/ReduceOps$CountingSink
Event: 10.719 Loading class java/util/stream/ReduceOps$CountingSink done
Event: 10.719 Loading class java/util/stream/ReduceOps$CountingSink$OfRef done
Event: 10.735 Loading class sun/security/provider/SecureRandom
Event: 10.735 Loading class sun/security/provider/SecureRandom done
Event: 10.761 Loading class javax/naming/Reference
Event: 10.761 Loading class javax/naming/Reference done
Event: 10.907 Loading class sun/reflect/generics/reflectiveObjects/GenericArrayTypeImpl
Event: 10.907 Loading class sun/reflect/generics/reflectiveObjects/GenericArrayTypeImpl done
Event: 10.992 Loading class java/util/concurrent/ConcurrentHashMap$TreeNode
Event: 10.992 Loading class java/util/concurrent/ConcurrentHashMap$TreeNode done
Event: 10.992 Loading class java/util/concurrent/ConcurrentHashMap$TreeBin
Event: 10.992 Loading class java/util/concurrent/ConcurrentHashMap$TreeBin done
Event: 11.059 Loading class java/lang/SafeVarargs
Event: 11.060 Loading class java/lang/SafeVarargs done
Event: 11.271 Loading class java/util/concurrent/atomic/Striped64$1
Event: 11.271 Loading class java/util/concurrent/atomic/Striped64$1 done
Event: 11.475 Loading class java/lang/Package$1PackageInfoProxy
Event: 11.475 Loading class java/lang/Package$1PackageInfoProxy done

Classes unloaded (0 events):
No events

Classes redefined (0 events):
No events

Internal exceptions (20 events):
Event: 10.207 Thread 0x000001a8a0eb71e0 Exception <a 'java/lang/NoSuchMethodError'{0x0000000083c92520}: 'int java.lang.invoke.Invokers$Holder.invokeExact_MT(java.lang.Object, java.lang.Object, java.lang.Object)'> (0x0000000083c92520) 
thrown [s\open\src\hotspot\share\interpreter\linkResolver.cpp, line 759]
Event: 10.241 Thread 0x000001a8a0eb71e0 Exception <a 'java/lang/NoSuchMethodError'{0x0000000083b2dc48}: 'void java.lang.invoke.DirectMethodHandle$Holder.invokeStatic(java.lang.Object, java.lang.Object, java.lang.Object, int, java.lang.Object)'> (0x0000000083b2dc48) 
thrown [s\open\src\hotspot\share\interpreter\linkResolver.cpp, line 759]
Event: 10.245 Thread 0x000001a8a0eb71e0 Exception <a 'java/lang/NoSuchMethodError'{0x0000000083b3b200}: 'void java.lang.invoke.DirectMethodHandle$Holder.invokeInterface(java.lang.Object, java.lang.Object, int, java.lang.Object)'> (0x0000000083b3b200) 
thrown [s\open\src\hotspot\share\interpreter\linkResolver.cpp, line 759]
Event: 10.255 Thread 0x000001a8a0eb71e0 Exception <a 'java/lang/NoSuchMethodError'{0x0000000083b628b0}: 'java.lang.Object java.lang.invoke.DirectMethodHandle$Holder.newInvokeSpecial(java.lang.Object, java.lang.Object, int, java.lang.Object)'> (0x0000000083b628b0) 
thrown [s\open\src\hotspot\share\interpreter\linkResolver.cpp, line 759]
Event: 10.256 Thread 0x000001a8a0eb71e0 Exception <a 'java/lang/NoSuchMethodError'{0x0000000083b66c80}: 'java.lang.Object java.lang.invoke.Invokers$Holder.linkToTargetMethod(java.lang.Object, int, java.lang.Object, java.lang.Object)'> (0x0000000083b66c80) 
thrown [s\open\src\hotspot\share\interpreter\linkResolver.cpp, line 759]
Event: 10.393 Thread 0x000001a8a0eb71e0 Exception <a 'java/lang/NoSuchMethodError'{0x0000000089d3ff00}: 'int java.lang.invoke.DirectMethodHandle$Holder.invokeStatic(java.lang.Object, int, java.lang.Object)'> (0x0000000089d3ff00) 
thrown [s\open\src\hotspot\share\interpreter\linkResolver.cpp, line 759]
Event: 10.397 Thread 0x000001a8a0eb71e0 Exception <a 'java/lang/NoSuchMethodError'{0x0000000089d5cf90}: 'java.lang.Object java.lang.invoke.DirectMethodHandle$Holder.newInvokeSpecial(java.lang.Object, java.lang.Object, java.lang.Object, java.lang.Object, java.lang.Object, int)'> (0x0000000089d5cf90) 
thrown [s\open\src\hotspot\share\interpreter\linkResolver.cpp, line 759]
Event: 10.397 Thread 0x000001a8a0eb71e0 Exception <a 'java/lang/NoSuchMethodError'{0x0000000089d61858}: 'java.lang.Object java.lang.invoke.Invokers$Holder.linkToTargetMethod(java.lang.Object, java.lang.Object, java.lang.Object, java.lang.Object, int, java.lang.Object)'> (0x0000000089d61858) 
thrown [s\open\src\hotspot\share\interpreter\linkResolver.cpp, line 759]
Event: 10.410 Thread 0x000001a8a0eb71e0 Exception <a 'java/lang/NoSuchMethodError'{0x0000000089d9f098}: 'java.lang.Object java.lang.invoke.Invokers$Holder.linkToTargetMethod(java.lang.Object, java.lang.Object, java.lang.Object, java.lang.Object, java.lang.Object, java.lang.Object, java.lang.Object, java.lang.Object, java.lang.Object, java.lang.Object, java.lang.Object)'> (0x0000000089d9f098) 
thrown [s\open\src\hotspot\share\interpreter\linkResolver.cpp, line 759]
Event: 10.506 Thread 0x000001a8a0eb71e0 Exception <a 'java/lang/NoSuchMethodError'{0x0000000087555bb0}: 'java.lang.Object java.lang.invoke.DirectMethodHandle$Holder.newInvokeSpecial(java.lang.Object, java.lang.Object, java.lang.Object, java.lang.Object, java.lang.Object, java.lang.Object, java.lang.Object, int)'> (0x0000000087555bb0) 
thrown [s\open\src\hotspot\share\interpreter\linkResolver.cpp, line 759]
Event: 10.507 Thread 0x000001a8a0eb71e0 Exception <a 'java/lang/NoSuchMethodError'{0x000000008755ced0}: 'java.lang.Object java.lang.invoke.DirectMethodHandle$Holder.invokeSpecial(java.lang.Object, java.lang.Object, java.lang.Object, java.lang.Object, java.lang.Object, java.lang.Object, java.lang.Object, java.lang.Object, int)'> (0x000000008755ced0) 
thrown [s\open\src\hotspot\share\interpreter\linkResolver.cpp, line 759]
Event: 10.559 Thread 0x000001a8a0eb71e0 Exception <a 'java/lang/IncompatibleClassChangeError'{0x000000008744e808}: Found class java.lang.Object, but interface was expected> (0x000000008744e808) 
thrown [s\open\src\hotspot\share\interpreter\linkResolver.cpp, line 826]
Event: 10.768 Thread 0x000001a8a0eb71e0 Exception <a 'java/lang/NoSuchMethodError'{0x00000000870d5bd8}: 'void java.lang.invoke.Invokers$Holder.invokeExact_MT(java.lang.Object, java.lang.Object, java.lang.Object, java.lang.Object)'> (0x00000000870d5bd8) 
thrown [s\open\src\hotspot\share\interpreter\linkResolver.cpp, line 759]
Event: 10.993 Thread 0x000001a8a0eb71e0 Exception <a 'java/lang/IncompatibleClassChangeError'{0x0000000086caece0}: Found class java.lang.Object, but interface was expected> (0x0000000086caece0) 
thrown [s\open\src\hotspot\share\interpreter\linkResolver.cpp, line 826]
Event: 11.000 Thread 0x000001a8a0eb71e0 Implicit null exception at 0x000001a8b1bff060 to 0x000001a8b1bff2b4
Event: 11.000 Thread 0x000001a8a0eb71e0 Implicit null exception at 0x000001a8b1c7ede0 to 0x000001a8b1c7f000
Event: 11.074 Thread 0x000001a8a0eb71e0 Exception <a 'java/lang/IncompatibleClassChangeError'{0x0000000086a47fb0}: Found class java.lang.Object, but interface was expected> (0x0000000086a47fb0) 
thrown [s\open\src\hotspot\share\interpreter\linkResolver.cpp, line 826]
Event: 11.154 Thread 0x000001a8a0eb71e0 Exception <a 'java/lang/IncompatibleClassChangeError'{0x00000000869bafb0}: Found class java.lang.Object, but interface was expected> (0x00000000869bafb0) 
thrown [s\open\src\hotspot\share\interpreter\linkResolver.cpp, line 826]
Event: 11.169 Thread 0x000001a8a0eb71e0 Exception <a 'java/lang/NoSuchMethodError'{0x000000008683c968}: 'java.lang.Object java.lang.invoke.DirectMethodHandle$Holder.invokeSpecialIFC(java.lang.Object, java.lang.Object, java.lang.Object)'> (0x000000008683c968) 
thrown [s\open\src\hotspot\share\interpreter\linkResolver.cpp, line 759]
Event: 11.464 Thread 0x000001a8a0eb71e0 Exception <a 'java/lang/IncompatibleClassChangeError'{0x000000008627e778}: Found class java.lang.Object, but interface was expected> (0x000000008627e778) 
thrown [s\open\src\hotspot\share\interpreter\linkResolver.cpp, line 826]

VM Operations (20 events):
Event: 9.383 Executing VM operation: G1CollectForAllocation
Event: 9.390 Executing VM operation: G1CollectForAllocation done
Event: 9.936 Executing VM operation: HandshakeAllThreads
Event: 9.936 Executing VM operation: HandshakeAllThreads done
Event: 10.181 Executing VM operation: ICBufferFull
Event: 10.181 Executing VM operation: ICBufferFull done
Event: 10.380 Executing VM operation: G1CollectForAllocation
Event: 10.385 Executing VM operation: G1CollectForAllocation done
Event: 10.833 Executing VM operation: HandshakeAllThreads
Event: 10.833 Executing VM operation: HandshakeAllThreads done
Event: 10.852 Executing VM operation: HandshakeAllThreads
Event: 10.852 Executing VM operation: HandshakeAllThreads done
Event: 11.033 Executing VM operation: HandshakeAllThreads
Event: 11.033 Executing VM operation: HandshakeAllThreads done
Event: 11.041 Executing VM operation: ICBufferFull
Event: 11.042 Executing VM operation: ICBufferFull done
Event: 11.376 Executing VM operation: HandshakeAllThreads
Event: 11.376 Executing VM operation: HandshakeAllThreads done
Event: 11.540 Executing VM operation: HandshakeAllThreads
Event: 11.540 Executing VM operation: HandshakeAllThreads done

Events (20 events):
Event: 0.352 Thread 0x000001a8c4a95d50 Thread added: 0x000001a8c4a95d50
Event: 0.408 Thread 0x000001a8c4a5e920 Thread added: 0x000001a8c4a5e920
Event: 0.618 Thread 0x000001a8c4a5e920 Thread exited: 0x000001a8c4a5e920
Event: 0.712 Loaded shared library C:\Program Files\Java\jdk-18.0.2.1\bin\jimage.dll
Event: 0.955 Thread 0x000001a8c4b1ffb0 Thread added: 0x000001a8c4b1ffb0
Event: 3.625 Thread 0x000001a8c5f17540 Thread added: 0x000001a8c5f17540
Event: 4.359 Thread 0x000001a8c61dfad0 Thread added: 0x000001a8c61dfad0
Event: 4.377 Thread 0x000001a8c61dfad0 Thread exited: 0x000001a8c61dfad0
Event: 4.439 Thread 0x000001a8c5f17540 Thread exited: 0x000001a8c5f17540
Event: 6.235 Thread 0x000001a8c4b1ffb0 Thread exited: 0x000001a8c4b1ffb0
Event: 6.642 Thread 0x000001a8c52cbc00 Thread added: 0x000001a8c52cbc00
Event: 7.185 Thread 0x000001a8c52cbc00 Thread exited: 0x000001a8c52cbc00
Event: 7.494 Loaded shared library C:\Program Files\Java\jdk-18.0.2.1\bin\verify.dll
Event: 8.209 Thread 0x000001a8c60d9050 Thread added: 0x000001a8c60d9050
Event: 9.711 Thread 0x000001a8c60d9050 Thread exited: 0x000001a8c60d9050
Event: 10.135 Thread 0x000001a8c7e9c9b0 Thread added: 0x000001a8c7e9c9b0
Event: 10.560 Thread 0x000001a8c7e9c9b0 Thread exited: 0x000001a8c7e9c9b0
Event: 10.737 Thread 0x000001a8c7d486e0 Thread added: 0x000001a8c7d486e0
Event: 10.739 Thread 0x000001a8c7d486e0 Thread exited: 0x000001a8c7d486e0
Event: 10.998 Thread 0x000001a8c7ba8100 Thread added: 0x000001a8c7ba8100


Dynamic libraries:
0x00007ff662b10000 - 0x00007ff662b20000 	C:\Program Files\Java\jdk-18.0.2.1\bin\java.exe
0x00007ff9534b0000 - 0x00007ff9536a8000 	C:\WINDOWS\SYSTEM32\ntdll.dll
0x00007ff952800000 - 0x00007ff9528bf000 	C:\WINDOWS\System32\KERNEL32.DLL
0x00007ff951050000 - 0x00007ff951346000 	C:\WINDOWS\System32\KERNELBASE.dll
0x00007ff950dc0000 - 0x00007ff950ec0000 	C:\WINDOWS\System32\ucrtbase.dll
0x00007ff923a30000 - 0x00007ff923a48000 	C:\Program Files\Java\jdk-18.0.2.1\bin\jli.dll
0x00007ff91d4c0000 - 0x00007ff91d4da000 	C:\Program Files\Java\jdk-18.0.2.1\bin\VCRUNTIME140.dll
0x00007ff9530a0000 - 0x00007ff95314f000 	C:\WINDOWS\System32\ADVAPI32.dll
0x00007ff951d90000 - 0x00007ff951e2e000 	C:\WINDOWS\System32\msvcrt.dll
0x00007ff953370000 - 0x00007ff95340c000 	C:\WINDOWS\System32\sechost.dll
0x00007ff951c60000 - 0x00007ff951d86000 	C:\WINDOWS\System32\RPCRT4.dll
0x00007ff952960000 - 0x00007ff952afd000 	C:\WINDOWS\System32\USER32.dll
0x00007ff9513c0000 - 0x00007ff9513e2000 	C:\WINDOWS\System32\win32u.dll
0x00007ff9523d0000 - 0x00007ff9523fc000 	C:\WINDOWS\System32\GDI32.dll
0x00007ff9513f0000 - 0x00007ff951505000 	C:\WINDOWS\System32\gdi32full.dll
0x00007ff950b90000 - 0x00007ff950c2d000 	C:\WINDOWS\System32\msvcp_win.dll
0x00007ff933b80000 - 0x00007ff933e1a000 	C:\WINDOWS\WinSxS\amd64_microsoft.windows.common-controls_6595b64144ccf1df_6.0.19041.1110_none_60b5254171f9507e\COMCTL32.dll
0x00007ff9423e0000 - 0x00007ff9423ea000 	C:\WINDOWS\SYSTEM32\VERSION.dll
0x00007ff952720000 - 0x00007ff952750000 	C:\WINDOWS\System32\IMM32.DLL
0x00007ff92bbc0000 - 0x00007ff92bbcc000 	C:\Program Files\Java\jdk-18.0.2.1\bin\vcruntime140_1.dll
0x00007ff91b640000 - 0x00007ff91b6cd000 	C:\Program Files\Java\jdk-18.0.2.1\bin\msvcp140.dll
0x00007ff8ec3d0000 - 0x00007ff8ecfe1000 	C:\Program Files\Java\jdk-18.0.2.1\bin\server\jvm.dll
0x00007ff951ea0000 - 0x00007ff951ea8000 	C:\WINDOWS\System32\PSAPI.DLL
0x00007ff948780000 - 0x00007ff948789000 	C:\WINDOWS\SYSTEM32\WSOCK32.dll
0x00007ff93a220000 - 0x00007ff93a247000 	C:\WINDOWS\SYSTEM32\WINMM.dll
0x00007ff952400000 - 0x00007ff95246b000 	C:\WINDOWS\System32\WS2_32.dll
0x00007ff94f380000 - 0x00007ff94f392000 	C:\WINDOWS\SYSTEM32\kernel.appcore.dll
0x00007ff92a450000 - 0x00007ff92a45a000 	C:\Program Files\Java\jdk-18.0.2.1\bin\jimage.dll
0x00007ff94f170000 - 0x00007ff94f354000 	C:\WINDOWS\SYSTEM32\DBGHELP.DLL
0x00007ff943960000 - 0x00007ff943994000 	C:\WINDOWS\SYSTEM32\dbgcore.DLL
0x00007ff950f70000 - 0x00007ff950ff2000 	C:\WINDOWS\System32\bcryptPrimitives.dll
0x00007ff94a960000 - 0x00007ff94a96e000 	C:\Program Files\Java\jdk-18.0.2.1\bin\instrument.dll
0x00007ff91cfc0000 - 0x00007ff91cfe5000 	C:\Program Files\Java\jdk-18.0.2.1\bin\java.dll
0x00007ff91b560000 - 0x00007ff91b636000 	C:\Program Files\Java\jdk-18.0.2.1\bin\jsvml.dll
0x00007ff951510000 - 0x00007ff951c54000 	C:\WINDOWS\System32\SHELL32.dll
0x00007ff94e890000 - 0x00007ff94f023000 	C:\WINDOWS\SYSTEM32\windows.storage.dll
0x00007ff952060000 - 0x00007ff9523b4000 	C:\WINDOWS\System32\combase.dll
0x00007ff950500000 - 0x00007ff95052e000 	C:\WINDOWS\SYSTEM32\Wldp.dll
0x00007ff952750000 - 0x00007ff9527fd000 	C:\WINDOWS\System32\SHCORE.dll
0x00007ff952f70000 - 0x00007ff952fc5000 	C:\WINDOWS\System32\shlwapi.dll
0x00007ff950ac0000 - 0x00007ff950ae5000 	C:\WINDOWS\SYSTEM32\profapi.dll
0x00007ff91cb10000 - 0x00007ff91cb28000 	C:\Program Files\Java\jdk-18.0.2.1\bin\zip.dll
0x00007ff91cd80000 - 0x00007ff91cd93000 	C:\Program Files\Java\jdk-18.0.2.1\bin\net.dll
0x00007ff942870000 - 0x00007ff94297a000 	C:\WINDOWS\SYSTEM32\WINHTTP.dll
0x00007ff950240000 - 0x00007ff9502aa000 	C:\WINDOWS\system32\mswsock.dll
0x00007ff91cb30000 - 0x00007ff91cb46000 	C:\Program Files\Java\jdk-18.0.2.1\bin\nio.dll
0x00007ff92fc30000 - 0x00007ff92fc4a000 	C:\Program Files\JetBrains\IntelliJ IDEA 2023.2\bin\breakgen64.dll
0x00007ff950450000 - 0x00007ff950468000 	C:\WINDOWS\SYSTEM32\CRYPTSP.dll
0x00007ff94fb30000 - 0x00007ff94fb64000 	C:\WINDOWS\system32\rsaenh.dll
0x00007ff950c30000 - 0x00007ff950c57000 	C:\WINDOWS\System32\bcrypt.dll
0x00007ff950a80000 - 0x00007ff950aae000 	C:\WINDOWS\SYSTEM32\USERENV.dll
0x00007ff950470000 - 0x00007ff95047c000 	C:\WINDOWS\SYSTEM32\CRYPTBASE.dll
0x00007ff94ff20000 - 0x00007ff94ff5b000 	C:\WINDOWS\SYSTEM32\IPHLPAPI.DLL
0x00007ff9523c0000 - 0x00007ff9523c8000 	C:\WINDOWS\System32\NSI.dll
0x00007ff945b80000 - 0x00007ff945b97000 	C:\WINDOWS\SYSTEM32\dhcpcsvc6.DLL
0x00007ff943bb0000 - 0x00007ff943bcd000 	C:\WINDOWS\SYSTEM32\dhcpcsvc.DLL
0x00007ff94ff60000 - 0x00007ff95002a000 	C:\WINDOWS\SYSTEM32\DNSAPI.dll
0x00007ff923dd0000 - 0x00007ff923de0000 	C:\Program Files\Java\jdk-18.0.2.1\bin\verify.dll

dbghelp: loaded successfully - version: 4.0.5 - missing functions: none
symbol engine: initialized successfully - sym options: 0x614 - pdb path: .;C:\Program Files\Java\jdk-18.0.2.1\bin;C:\WINDOWS\SYSTEM32;C:\WINDOWS\WinSxS\amd64_microsoft.windows.common-controls_6595b64144ccf1df_6.0.19041.1110_none_60b5254171f9507e;C:\Program Files\Java\jdk-18.0.2.1\bin\server;C:\Program Files\JetBrains\IntelliJ IDEA 2023.2\bin

VM Arguments:
jvm_args: -ea -Didea.test.cyclic.buffer.size=1048576 -javaagent:C:\Program Files\JetBrains\IntelliJ IDEA 2023.2\lib\idea_rt.jar=51101:C:\Program Files\JetBrains\IntelliJ IDEA 2023.2\bin -Dfile.encoding=UTF-8 -Dsun.stdout.encoding=UTF-8 -Dsun.stderr.encoding=UTF-8 
java_command: com.intellij.rt.junit.JUnitStarter -ideVersion5 -junit5 dat3.car.car.repository.CarRepositoryTest,findByBrand
java_class_path (initial): C:\Users\Bruger\.m2\repository\org\junit\platform\junit-platform-launcher\1.9.3\junit-platform-launcher-1.9.3.jar;C:\Program Files\JetBrains\IntelliJ IDEA 2023.2\lib\idea_rt.jar;C:\Program Files\JetBrains\IntelliJ IDEA 2023.2\plugins\junit\lib\junit5-rt.jar;C:\Program Files\JetBrains\IntelliJ IDEA 2023.2\plugins\junit\lib\junit-rt.jar;C:\Users\Bruger\IdeaProjects\Hello World\ProjekterDatamatiker\cars\target\test-classes;C:\Users\Bruger\IdeaProjects\Hello World\ProjekterDatamatiker\cars\target\classes;C:\Users\Bruger\.m2\repository\org\springframework\boot\spring-boot-starter-data-jpa\3.1.2\spring-boot-starter-data-jpa-3.1.2.jar;C:\Users\Bruger\.m2\repository\org\springframework\boot\spring-boot-starter-aop\3.1.2\spring-boot-starter-aop-3.1.2.jar;C:\Users\Bruger\.m2\repository\org\springframework\spring-aop\6.0.11\spring-aop-6.0.11.jar;C:\Users\Bruger\.m2\repository\org\aspectj\aspectjweaver\1.9.19\aspectjweaver-1.9.19.jar;C:\Users\Bruger\.m2\repository\org\springframework\boot\spring-boot-starter-jdbc\3.1.2\spring-boot-starter-jdbc-3.1.2.jar;C:\Users\Bruger\.m2\repository\com\zaxxer\HikariCP\5.0.1\HikariCP-5.0.1.jar;C:\Users\Bruger\.m2\repository\org\springframework\spring-jdbc\6.0.11\spring-jdbc-6.0.11.jar;C:\Users\Bruger\.m2\repository\org\hibernate\orm\hibernate-core\6.2.6.Final\hibernate-core-6.2.6.Final.jar;C:\Users\Bruger\.m2\repository\jakarta\persistence\jakarta.persistence-api\3.1.0\jakarta.persistence-api-3.1.0.jar;C:\Users\Bruger\.m2\repository\jakarta\transaction\jakarta.transaction-api\2.0.1\jakarta.transaction-api-2.0.1.jar;C:\Users\Bruger\.m2\repository\org\jboss\logging\jboss-logging\3.5.3.Final\jboss-logging-3.5.3.Final.jar;C:\Users\Bruger\.m2\repository\org\hibernate\common\hibernate-commons-annotations\6.0.6.Final\hibernate-commons-annotations-6.0.6.Final.jar;C:\Users\Bruger\.m2\repository\io\smallrye\jandex\3.0.5\jandex-3.0.5.jar;C:\Users\Bruger\.m2\repository\com\fasterxml\classmate\1.5.1\classmate-1.5.1.jar;C:\Users\Bruger\.m2\repository\net\bytebuddy\byte-buddy\1.14.5\byte-buddy-1.14.5.jar;C:\Users\Bruger\.m2\repository\org\glassfish\jaxb\jaxb-runtime\4.0.3\jaxb-runtime-4.0.3.jar;C:\Users\Bruger\.m2\repository\org\glassfish\jaxb\jaxb-core\4.0.3\jaxb-core-4.0.3.jar;C:\Users\Bruger\.m2\repository\org\eclipse\angus\angus-activation\2.0.1\angus-activation-2.0.1.jar;C:\Users\Bruger\.m2\repository\org\glassfish\jaxb\txw2\4.0.3\txw2-4.0.3.jar;C:\Users\Bruger\.m2\repository\com\sun\istack\istack-commons-runtime\4.1.2\istack-commons-runtime-4.1.2.jar;C:\Users\Bruger\.m2\repository\jakarta\inject\jakarta.inject-api\2.0.1\jakarta.inject-api-2.0.1.jar;C:\Users\Bruger\.m2\repository\org\antlr\antlr4-runtime\4.10.1\antlr4-runtime-4.10.1.jar;C:\Users\Bruger\.m2\repository\org\springframework\data\spring-data-jpa\3.1.2\spring-data-jpa-3.1.2.jar;C:\Users\Bruger\.m2\repository\org\springframework\data\spring-data-commons\3.1.2\spring-data-commons-3.1.2.jar;C:\Users\Bruger\.m2\repository\org\springframework\spring-orm\6.0.11\spring-orm-6.0.11.jar;C:\Users\Bruger\.m2\repository\org\springframework\spring-context\6.0.11\spring-context-6.0.11.jar;C:\Users\Bruger\.m2\repository\org\springframework\spring-tx\6.0.11\spring-tx-6.0.11.jar;C:\Users\Bruger\.m2\repository\org\springframework\spring-beans\6.0.11\spring-beans-6.0.11.jar;C:\Users\Bruger\.m2\repository\jakarta\annotation\jakarta.annotation-api\2.1.1\jakarta.annotation-api-2.1.1.jar;C:\Users\Bruger\.m2\repository\org\slf4j\slf4j-api\2.0.7\slf4j-api-2.0.7.jar;C:\Users\Bruger\.m2\repository\org\springframework\spring-aspects\6.0.11\spring-aspects-6.0.11.jar;C:\Users\Bruger\.m2\repository\org\springframework\boot\spring-boot-starter-web\3.1.2\spring-boot-starter-web-3.1.2.jar;C:\Users\Bruger\.m2\repository\org\springframework\boot\spring-boot-starter\3.1.2\spring-boot-starter-3.1.2.jar;C:\Users\Bruger\.m2\repository\org\springframework\boot\spring-boot-starter-logging\3.1.2\spring-boot-starter-logging-3.1.2.jar;C:\Users\Bruger\.m2\repository\ch\qos\logback\logback-classic\1.4.8\logback-classic-1.4.8.jar;C:\Users\Bruger\.m2\repository\ch\qos\logback\logback-core\1.4.8\logback-core-1.4.8.jar;C:\Users\Bruger\.m2\repository\org\apache\logging\log4j\log4j-to-slf4j\2.20.0\log4j-to-slf4j-2.20.0.jar;C:\Users\Bruger\.m2\repository\org\apache\logging\log4j\log4j-api\2.20.0\log4j-api-2.20.0.jar;C:\Users\Bruger\.m2\repository\org\slf4j\jul-to-slf4j\2.0.7\jul-to-slf4j-2.0.7.jar;C:\Users\Bruger\.m2\repository\org\yaml\snakeyaml\1.33\snakeyaml-1.33.jar;C:\Users\Bruger\.m2\repository\org\springframework\boot\spring-boot-starter-json\3.1.2\spring-boot-starter-json-3.1.2.jar;C:\Users\Bruger\.m2\repository\com\fasterxml\jackson\core\jackson-databind\2.15.2\jackson-databind-2.15.2.jar;C:\Users\Bruger\.m2\repository\com\fasterxml\jackson\core\jackson-annotations\2.15.2\jackson-annotations-2.15.2.jar;C:\Users\Bruger\.m2\repository\com\fasterxml\jackson\core\jackson-core\2.15.2\jackson-core-2.15.2.jar;C:\Users\Bruger\.m2\repository\com\fasterxml\jackson\datatype\jackson-datatype-jdk8\2.15.2\jackson-datatype-jdk8-2.15.2.jar;C:\Users\Bruger\.m2\repository\com\fasterxml\jackson\datatype\jackson-datatype-jsr310\2.15.2\jackson-datatype-jsr310-2.15.2.jar;C:\Users\Bruger\.m2\repository\com\fasterxml\jackson\module\jackson-module-parameter-names\2.15.2\jackson-module-parameter-names-2.15.2.jar;C:\Users\Bruger\.m2\repository\org\springframework\boot\spring-boot-starter-tomcat\3.1.2\spring-boot-starter-tomcat-3.1.2.jar;C:\Users\Bruger\.m2\repository\org\apache\tomcat\embed\tomcat-embed-core\10.1.11\tomcat-embed-core-10.1.11.jar;C:\Users\Bruger\.m2\repository\org\apache\tomcat\embed\tomcat-embed-el\10.1.11\tomcat-embed-el-10.1.11.jar;C:\Users\Bruger\.m2\repository\org\apache\tomcat\embed\tomcat-embed-websocket\10.1.11\tomcat-embed-websocket-10.1.11.jar;C:\Users\Bruger\.m2\repository\org\springframework\spring-web\6.0.11\spring-web-6.0.11.jar;C:\Users\Bruger\.m2\repository\io\micrometer\micrometer-observation\1.11.2\micrometer-observation-1.11.2.jar;C:\Users\Bruger\.m2\repository\io\micrometer\micrometer-commons\1.11.2\micrometer-commons-1.11.2.jar;C:\Users\Bruger\.m2\repository\org\springframework\spring-webmvc\6.0.11\spring-webmvc-6.0.11.jar;C:\Users\Bruger\.m2\repository\org\springframework\spring-expression\6.0.11\spring-expression-6.0.11.jar;C:\Users\Bruger\.m2\repository\org\springframework\boot\spring-boot-devtools\3.1.2\spring-boot-devtools-3.1.2.jar;C:\Users\Bruger\.m2\repository\org\springframework\boot\spring-boot\3.1.2\spring-boot-3.1.2.jar;C:\Users\Bruger\.m2\repository\org\springframework\boot\spring-boot-autoconfigure\3.1.2\spring-boot-autoconfigure-3.1.2.jar;C:\Users\Bruger\.m2\repository\com\h2database\h2\2.1.214\h2-2.1.214.jar;C:\Users\Bruger\.m2\repository\com\mysql\mysql-connector-j\8.0.33\mysql-connector-j-8.0.33.jar;C:\Users\Bruger\.m2\repository\org\projectlombok\lombok\1.18.28\lombok-1.18.28.jar;C:\Users\Bruger\.m2\repository\org\springframework\boot\spring-boot-starter-test\3.1.2\spring-boot-starter-test-3.1.2.jar;C:\Users\Bruger\.m2\repository\org\springframework\boot\spring-boot-test\3.1.2\spring-boot-test-3.1.2.jar;C:\Users\Bruger\.m2\repository\org\springframework\boot\spring-boot-test-autoconfigure\3.1.2\spring-boot-test-autoconfigure-3.1.2.jar;C:\Users\Bruger\.m2\repository\com\jayway\jsonpath\json-path\2.8.0\json-path-2.8.0.jar;C:\Users\Bruger\.m2\repository\jakarta\xml\bind\jakarta.xml.bind-api\4.0.0\jakarta.xml.bind-api-4.0.0.jar;C:\Users\Bruger\.m2\repository\jakarta\activation\jakarta.activation-api\2.1.2\jakarta.activation-api-2.1.2.jar;C:\Users\Bruger\.m2\repository\net\minidev\json-smart\2.4.11\json-smart-2.4.11.jar;C:\Users\Bruger\.m2\repository\net\minidev\accessors-smart\2.4.11\accessors-smart-2.4.11.jar;C:\Users\Bruger\.m2\repository\org\ow2\asm\asm\9.3\asm-9.3.jar;C:\Users\Bruger\.m2\repository\org\assertj\assertj-core\3.24.2\assertj-core-3.24.2.jar;C:\Users\Bruger\.m2\repository\org\hamcrest\hamcrest\2.2\hamcrest-2.2.jar;C:\Users\Bruger\.m2\repository\org\junit\jupiter\junit-jupiter\5.9.3\junit-jupiter-5.9.3.jar;C:\Users\Bruger\.m2\repository\org\junit\jupiter\junit-jupiter-api\5.9.3\junit-jupiter-api-5.9.3.jar;C:\Users\Bruger\.m2\repository\org\opentest4j\opentest4j\1.2.0\opentest4j-1.2.0.jar;C:\Users\Bruger\.m2\repository\org\junit\platform\junit-platform-commons\1.9.3\junit-platform-commons-1.9.3.jar;C:\Users\Bruger\.m2\repository\org\apiguardian\apiguardian-api\1.1.2\apiguardian-api-1.1.2.jar;C:\Users\Bruger\.m2\repository\org\junit\jupiter\junit-jupiter-params\5.9.3\junit-jupiter-params-5.9.3.jar;C:\Users\Bruger\.m2\repository\org\junit\jupiter\junit-jupiter-engine\5.9.3\junit-jupiter-engine-5.9.3.jar;C:\Users\Bruger\.m2\repository\org\junit\platform\junit-platform-engine\1.9.3\junit-platform-engine-1.9.3.jar;C:\Users\Bruger\.m2\repository\org\mockito\mockito-core\5.3.1\mockito-core-5.3.1.jar;C:\Users\Bruger\.m2\repository\net\bytebuddy\byte-buddy-agent\1.14.5\byte-buddy-agent-1.14.5.jar;C:\Users\Bruger\.m2\repository\org\objenesis\objenesis\3.3\objenesis-3.3.jar;C:\Users\Bruger\.m2\repository\org\mockito\mockito-junit-jupiter\5.3.1\mockito-junit-jupiter-5.3.1.jar;C:\Users\Bruger\.m2\repository\org\skyscreamer\jsonassert\1.5.1\jsonassert-1.5.1.jar;C:\Users\Bruger\.m2\repository\com\vaadin\external\google\android-json\0.0.20131108.vaadin1\android-json-0.0.20131108.vaadin1.jar;C:\Users\Bruger\.m2\repository\org\springframework\spring-core\6.0.11\spring-core-6.0.11.jar;C:\Users\Bruger\.m2\repository\org\springframework\spring-jcl\6.0.11\spring-jcl-6.0.11.jar;C:\Users\Bruger\.m2\repository\org\springframework\spring-test\6.0.11\spring-test-6.0.11.jar;C:\Users\Bruger\.m2\repository\org\xmlunit\xmlunit-core\2.9.1\xmlunit-core-2.9.1.jar
Launcher Type: SUN_STANDARD

[Global flags]
     intx CICompilerCount                          = 3                                         {product} {ergonomic}
     uint ConcGCThreads                            = 1                                         {product} {ergonomic}
     uint G1ConcRefinementThreads                  = 4                                         {product} {ergonomic}
   size_t G1HeapRegionSize                         = 1048576                                   {product} {ergonomic}
    uintx GCDrainStackTargetSize                   = 64                                        {product} {ergonomic}
   size_t InitialHeapSize                          = 134217728                                 {product} {ergonomic}
   size_t MarkStackSize                            = 4194304                                   {product} {ergonomic}
   size_t MaxHeapSize                              = 2116026368                                {product} {ergonomic}
   size_t MaxNewSize                               = 1268776960                                {product} {ergonomic}
   size_t MinHeapDeltaBytes                        = 1048576                                   {product} {ergonomic}
   size_t MinHeapSize                              = 8388608                                   {product} {ergonomic}
    uintx NonNMethodCodeHeapSize                   = 5832780                                {pd product} {ergonomic}
    uintx NonProfiledCodeHeapSize                  = 122912730                              {pd product} {ergonomic}
    uintx ProfiledCodeHeapSize                     = 122912730                              {pd product} {ergonomic}
    uintx ReservedCodeCacheSize                    = 251658240                              {pd product} {ergonomic}
     bool SegmentedCodeCache                       = true                                      {product} {ergonomic}
   size_t SoftMaxHeapSize                          = 2116026368                             {manageable} {ergonomic}
     bool UseCompressedClassPointers               = true                           {product lp64_product} {ergonomic}
     bool UseCompressedOops                        = true                           {product lp64_product} {ergonomic}
     bool UseG1GC                                  = true                                      {product} {ergonomic}
     bool UseLargePagesIndividualAllocation        = false                                  {pd product} {ergonomic}

Logging:
Log output configuration:
 #0: stdout all=warning uptime,level,tags foldmultilines=false
 #1: stderr all=off uptime,level,tags foldmultilines=false

Environment Variables:
PATH=C:\Program Files\Common Files\Oracle\Java\javapath;C:\Program Files (x86)\Common Files\Oracle\Java\javapath;C:\WINDOWS\system32;C:\WINDOWS;C:\WINDOWS\System32\Wbem;C:\WINDOWS\System32\WindowsPowerShell\v1.0\;C:\WINDOWS\System32\OpenSSH\;C:\Program Files\dotnet\;C:\Program Files\Microsoft SQL Server\130\Tools\Binn\;C:\Program Files\Microsoft SQL Server\Client SDK\ODBC\170\Tools\Binn\;C:\Program Files\Git\cmd;C:\Program Files\Docker\Docker\resources\bin;C:\Program Files\MySQL\MySQL Shell 8.0\bin\;C:\Users\Bruger\AppData\Local\Microsoft\WindowsApps;C:\Users\Bruger\.dotnet\tools;C:\Users\Bruger\AppData\Local\Programs\Microsoft VS Code\bin;C:\Program Files\JetBrains\IntelliJ IDEA 2022.2.1\bin;;C:\Users\Bruger\AppData\Local\GitHubDesktop\bin;
USERNAME=Bruger
OS=Windows_NT
PROCESSOR_IDENTIFIER=Intel64 Family 6 Model 142 Stepping 9, GenuineIntel



---------------  S Y S T E M  ---------------

OS:
 Windows 10 , 64 bit Build 19041 (10.0.19041.3155)
OS uptime: 1 days 6:32 hours
Hyper-V role detected

CPU: total 4 (initial active 4) (2 cores per cpu, 2 threads per core) family 6 model 142 stepping 9 microcode 0xd6, cx8, cmov, fxsr, ht, mmx, 3dnowpref, sse, sse2, sse3, ssse3, sse4.1, sse4.2, popcnt, lzcnt, tsc, tscinvbit, avx, avx2, aes, erms, clmul, bmi1, bmi2, adx, fma, vzeroupper, clflush, clflushopt, hv

Memory: 4k page, system-wide physical 8066M (821M free)
TotalPageFile size 14099M (AvailPageFile size 3M)
current process WorkingSet (physical memory assigned to process): 218M, peak: 218M
current process commit charge ("private bytes"): 273M, peak: 274M

vm_info: Java HotSpot(TM) 64-Bit Server VM (18.0.2.1+1-1) for windows-amd64 JRE (18.0.2.1+1-1), built on Aug 16 2022 01:46:33 by "mach5one" with MS VC++ 16.8 / 16.9 (VS2019)

END.
